<?xml version="1.0" encoding="UTF-8"?>
<testng-results ignored="0" total="1" passed="1" failed="0" skipped="0">
  <reporter-output>
  </reporter-output>
  <suite started-at="2022-11-27T14:57:59 IST" name="Default suite" finished-at="2022-11-27T14:58:12 IST" duration-ms="13476">
    <groups>
    </groups>
    <test started-at="2022-11-27T14:57:59 IST" name="Default test" finished-at="2022-11-27T14:58:12 IST" duration-ms="13476">
      <class name="Testngpractice.test1">
        <test-method signature="m1()[pri:0, instance:Testngpractice.test1@3de8f619]" started-at="2022-11-27T14:57:59 IST" name="m1" finished-at="2022-11-27T14:58:12 IST" duration-ms="13326" status="PASS">
          <reporter-output>
          </reporter-output>
        </test-method> <!-- m1 -->
      </class> <!-- Testngpractice.test1 -->
    </test> <!-- Default test -->
  </suite> <!-- Default suite -->
</testng-results>
